#
# A fatal error has been detected by the Java Runtime Environment:
#
#  EXCEPTION_ACCESS_VIOLATION (0xc0000005) at pc=0x000000006bfd583a, pid=3732, tid=0x0000000000000f18
#
# JRE version: Java(TM) SE Runtime Environment (8.0_92-b14) (build 1.8.0_92-b14)
# Java VM: Java HotSpot(TM) 64-Bit Server VM (25.92-b14 mixed mode windows-amd64 compressed oops)
# Problematic frame:
# C  [glass.dll+0x2583a]
#
# Failed to write core dump. Minidumps are not enabled by default on client versions of Windows
#
# If you would like to submit a bug report, please visit:
#   http://bugreport.java.com/bugreport/crash.jsp
#

---------------  T H R E A D  ---------------

Current thread (0x00000000175f9800):  VMThread [stack: 0x00000000192d0000,0x00000000193d0000] [id=3864]

siginfo: ExceptionCode=0xc0000005, reading address 0x0000000000000000

Registers:
RAX=0x0000000000000000, RBX=0x000000001a358200, RCX=0x00000000175f9800, RDX=0x000000001a358200
RSP=0x00000000193cf120, RBP=0x00000000007592c0, RSI=0x0000000000000001, RDI=0x0000000000000000
R8 =0x0000000000010002, R9 =0x00000000007592c0, R10=0x0000000000000000, R11=0x0000000000000246
R12=0x00000000007592f0, R13=0x00000000007592c0, R14=0x00000000007592d0, R15=0x0000000000000000
RIP=0x000000006bfd583a, EFLAGS=0x0000000000010206

Top of Stack: (sp=0x00000000193cf120)
0x00000000193cf120:   0000000000000000 000000006bfd58f0
0x00000000193cf130:   0000000000000000 00000000007592c0
0x00000000193cf140:   000000006bfd5820 000000006bfd3214
0x00000000193cf150:   000000006bfe91b0 00007ffd3714b536
0x00000000193cf160:   0000000000000001 0000000000000001
0x00000000193cf170:   000000006bfd3374 000000006bfb0000
0x00000000193cf180:   00007ffdb22f31b0 000000006bfd3496
0x00000000193cf190:   0000000000000001 00000000174859a0
0x00000000193cf1a0:   0000000000000000 0000000000000000
0x00000000193cf1b0:   c000000500000001 00000000193ce290
0x00000000193cf1c0:   000000006bfd3374 00007ffdb21c9d9f
0x00000000193cf1d0:   0000000000000000 0000000000000001
0x00000000193cf1e0:   000000006bfb0000 0000000000000000
0x00000000193cf1f0:   0000e32b096c4c07 0000000000716b60
0x00000000193cf200:   00007ffdb07e4500 00000000024b0700
0x00000000193cf210:   00000000024b0700 000000000071ab70 

Instructions: (pc=0x000000006bfd583a)
0x000000006bfd581a:   83 c4 20 5d c3 cc 40 53 48 83 ec 20 48 8b 1d db
0x000000006bfd582a:   5b 01 00 48 85 db 74 1a e8 29 93 ff ff 48 8b d3
0x000000006bfd583a:   4c 8b 00 48 8b c8 48 83 c4 20 5b 49 ff a0 b0 00
0x000000006bfd584a:   00 00 48 83 c4 20 5b c3 cc cc cc cc cc cc cc cc 


Register to memory mapping:

RAX=0x0000000000000000 is an unknown value
RBX=0x000000001a358200 is a global jni handle
RCX=0x00000000175f9800 is an unknown value
RDX=0x000000001a358200 is a global jni handle
RSP=0x00000000193cf120 is an unknown value
RBP=0x00000000007592c0 is an unknown value
RSI=0x0000000000000001 is an unknown value
RDI=0x0000000000000000 is an unknown value
R8 =0x0000000000010002 is an unknown value
R9 =0x00000000007592c0 is an unknown value
R10=0x0000000000000000 is an unknown value
R11=0x0000000000000246 is an unknown value
R12=0x00000000007592f0 is an unknown value
R13=0x00000000007592c0 is an unknown value
R14=0x00000000007592d0 is an unknown value
R15=0x0000000000000000 is an unknown value


Stack: [0x00000000192d0000,0x00000000193d0000],  sp=0x00000000193cf120,  free space=1020k
Native frames: (J=compiled Java code, j=interpreted, Vv=VM code, C=native code)
C  [glass.dll+0x2583a]
C  [glass.dll+0x23214]
C  [glass.dll+0x23496]
C  [ntdll.dll+0x29d9f]
C  [ntdll.dll+0x806b]
C  [ntdll.dll+0x7d94]
C  [KERNEL32.DLL+0x1ce6a]
C  [msvcr100.dll+0x20ccd]
V  [jvm.dll+0x211b45]
V  [jvm.dll+0x24a8e7]
V  [jvm.dll+0x249b86]
V  [jvm.dll+0x24a021]
V  [jvm.dll+0x24a23e]
V  [jvm.dll+0x29b34a]
C  [msvcr100.dll+0x21d9f]
C  [msvcr100.dll+0x21e3b]
C  [KERNEL32.DLL+0x8364]
C  [ntdll.dll+0x65e91]

VM_Operation (0x000000001afa8750): Exit, mode: safepoint, requested by thread 0x000000001a360800


---------------  P R O C E S S  ---------------

Java Threads: ( => current thread )
  0x000000001a73c000 JavaThread "Prism Font Disposer" daemon [_thread_blocked, id=1584, stack(0x000000001ea70000,0x000000001eb70000)]
  0x000000001a494000 JavaThread "JavaFX-Launcher" [_thread_blocked, id=5776, stack(0x000000001cb40000,0x000000001cc40000)]
  0x000000001a403000 JavaThread "Thread-2" daemon [_thread_in_native, id=984, stack(0x000000001c2b0000,0x000000001c3b0000)]
  0x000000001a360800 JavaThread "JavaFX Application Thread" [_thread_blocked, id=9220, stack(0x000000001aeb0000,0x000000001afb0000)]
  0x000000001a351800 JavaThread "Thread-1" daemon [_thread_blocked, id=7964, stack(0x000000001adb0000,0x000000001aeb0000)]
  0x000000001a30d800 JavaThread "QuantumRenderer-0" daemon [_thread_blocked, id=15112, stack(0x000000001aae0000,0x000000001abe0000)]
  0x00000000195a0800 JavaThread "Service Thread" daemon [_thread_blocked, id=10220, stack(0x000000001a0e0000,0x000000001a1e0000)]
  0x0000000019504000 JavaThread "C1 CompilerThread3" daemon [_thread_blocked, id=14496, stack(0x0000000019fe0000,0x000000001a0e0000)]
  0x0000000019501000 JavaThread "C2 CompilerThread2" daemon [_thread_blocked, id=11224, stack(0x0000000019ee0000,0x0000000019fe0000)]
  0x00000000194fc000 JavaThread "C2 CompilerThread1" daemon [_thread_blocked, id=8032, stack(0x0000000019de0000,0x0000000019ee0000)]
  0x00000000194f9000 JavaThread "C2 CompilerThread0" daemon [_thread_blocked, id=2176, stack(0x0000000019ce0000,0x0000000019de0000)]
  0x00000000194f7800 JavaThread "Attach Listener" daemon [_thread_blocked, id=13788, stack(0x0000000019be0000,0x0000000019ce0000)]
  0x00000000025bd800 JavaThread "Finalizer" daemon [_thread_blocked, id=12052, stack(0x00000000198d0000,0x00000000199d0000)]
  0x00000000025b4000 JavaThread "Reference Handler" daemon [_thread_blocked, id=6776, stack(0x00000000193d0000,0x00000000194d0000)]
  0x00000000024c0800 JavaThread "main" [_thread_blocked, id=9808, stack(0x0000000002340000,0x0000000002440000)]

Other Threads:
=>0x00000000175f9800 VMThread [stack: 0x00000000192d0000,0x00000000193d0000] [id=3864]

VM state:at safepoint (shutting down)

VM Mutex/Monitor currently owned by a thread:  ([mutex/lock_event])
[0x00000000024bcac0] Threads_lock - owner thread: 0x00000000175f9800

Heap:
 PSYoungGen      total 38400K, used 30565K [0x00000000d5700000, 0x00000000d8180000, 0x0000000100000000)
  eden space 33280K, 91% used [0x00000000d5700000,0x00000000d74d94f8,0x00000000d7780000)
  from space 5120K, 0% used [0x00000000d7c80000,0x00000000d7c80000,0x00000000d8180000)
  to   space 5120K, 0% used [0x00000000d7780000,0x00000000d7780000,0x00000000d7c80000)
 ParOldGen       total 43520K, used 7289K [0x0000000080400000, 0x0000000082e80000, 0x00000000d5700000)
  object space 43520K, 16% used [0x0000000080400000,0x0000000080b1e678,0x0000000082e80000)
 Metaspace       used 21948K, capacity 23320K, committed 23424K, reserved 1069056K
  class space    used 3070K, capacity 3363K, committed 3456K, reserved 1048576K

Card table byte_map: [0x0000000011980000,0x0000000011d80000] byte_map_base: 0x000000001157e000

Marking Bits: (ParMarkBitMap*) 0x000000006ead64f0
 Begin Bits: [0x0000000012830000, 0x0000000014820000)
 End Bits:   [0x0000000014820000, 0x0000000016810000)

Polling page: 0x00000000006e0000

CodeCache: size=245760Kb used=12971Kb max_used=13210Kb free=232788Kb
 bounds [0x00000000025c0000, 0x00000000032b0000, 0x00000000115c0000]
 total_blobs=4500 nmethods=3814 adapters=597
 compilation: enabled

Compilation events (10 events):
Event: 64.841 Thread 0x0000000019504000 3949       1       java.lang.ref.Reference::clear (6 bytes)
Event: 64.841 Thread 0x0000000019504000 nmethod 3949 0x000000000279fb10 code [0x000000000279fc60, 0x000000000279fd90]
Event: 64.841 Thread 0x0000000019504000 3948   !   3       java.util.ArrayList$Itr::remove (68 bytes)
Event: 64.842 Thread 0x0000000019504000 nmethod 3948 0x00000000026d0010 code [0x00000000026d01c0, 0x00000000026d07b8]
Event: 64.844 Thread 0x0000000019504000 3950       3       java.util.concurrent.ThreadPoolExecutor::isRunning (10 bytes)
Event: 64.844 Thread 0x0000000019504000 nmethod 3950 0x0000000002729790 code [0x00000000027298e0, 0x0000000002729a70]
Event: 64.847 Thread 0x0000000019504000 3951       3       java.util.LinkedList$ListItr::next (56 bytes)
Event: 64.847 Thread 0x0000000019504000 nmethod 3951 0x00000000027b6310 code [0x00000000027b64c0, 0x00000000027b69f8]
Event: 64.847 Thread 0x0000000019504000 3952       3       java.util.LinkedList$ListItr::checkForComodification (23 bytes)
Event: 64.848 Thread 0x0000000019504000 nmethod 3952 0x000000000274c450 code [0x000000000274c5c0, 0x000000000274c828]

GC Heap History (6 events):
Event: 0.792 GC heap before
{Heap before GC invocations=1 (full 0):
 PSYoungGen      total 38400K, used 33280K [0x00000000d5700000, 0x00000000d8180000, 0x0000000100000000)
  eden space 33280K, 100% used [0x00000000d5700000,0x00000000d7780000,0x00000000d7780000)
  from space 5120K, 0% used [0x00000000d7c80000,0x00000000d7c80000,0x00000000d8180000)
  to   space 5120K, 0% used [0x00000000d7780000,0x00000000d7780000,0x00000000d7c80000)
 ParOldGen       total 87552K, used 0K [0x0000000080400000, 0x0000000085980000, 0x00000000d5700000)
  object space 87552K, 0% used [0x0000000080400000,0x0000000080400000,0x0000000085980000)
 Metaspace       used 16043K, capacity 16696K, committed 16896K, reserved 1062912K
  class space    used 2255K, capacity 2443K, committed 2560K, reserved 1048576K
Event: 0.796 GC heap after
Heap after GC invocations=1 (full 0):
 PSYoungGen      total 38400K, used 5099K [0x00000000d5700000, 0x00000000d8180000, 0x0000000100000000)
  eden space 33280K, 0% used [0x00000000d5700000,0x00000000d5700000,0x00000000d7780000)
  from space 5120K, 99% used [0x00000000d7780000,0x00000000d7c7ac98,0x00000000d7c80000)
  to   space 5120K, 0% used [0x00000000d7c80000,0x00000000d7c80000,0x00000000d8180000)
 ParOldGen       total 87552K, used 133K [0x0000000080400000, 0x0000000085980000, 0x00000000d5700000)
  object space 87552K, 0% used [0x0000000080400000,0x0000000080421578,0x0000000085980000)
 Metaspace       used 16043K, capacity 16696K, committed 16896K, reserved 1062912K
  class space    used 2255K, capacity 2443K, committed 2560K, reserved 1048576K
}
Event: 9.981 GC heap before
{Heap before GC invocations=2 (full 0):
 PSYoungGen      total 38400K, used 31958K [0x00000000d5700000, 0x00000000d8180000, 0x0000000100000000)
  eden space 33280K, 80% used [0x00000000d5700000,0x00000000d713ae50,0x00000000d7780000)
  from space 5120K, 99% used [0x00000000d7780000,0x00000000d7c7ac98,0x00000000d7c80000)
  to   space 5120K, 0% used [0x00000000d7c80000,0x00000000d7c80000,0x00000000d8180000)
 ParOldGen       total 87552K, used 133K [0x0000000080400000, 0x0000000085980000, 0x00000000d5700000)
  object space 87552K, 0% used [0x0000000080400000,0x0000000080421578,0x0000000085980000)
 Metaspace       used 20077K, capacity 21234K, committed 21296K, reserved 1067008K
  class space    used 2901K, capacity 3144K, committed 3200K, reserved 1048576K
Event: 9.986 GC heap after
Heap after GC invocations=2 (full 0):
 PSYoungGen      total 38400K, used 5100K [0x00000000d5700000, 0x00000000d8180000, 0x0000000100000000)
  eden space 33280K, 0% used [0x00000000d5700000,0x00000000d5700000,0x00000000d7780000)
  from space 5120K, 99% used [0x00000000d7c80000,0x00000000d817b2f0,0x00000000d8180000)
  to   space 5120K, 0% used [0x00000000d7780000,0x00000000d7780000,0x00000000d7c80000)
 ParOldGen       total 87552K, used 2333K [0x0000000080400000, 0x0000000085980000, 0x00000000d5700000)
  object space 87552K, 2% used [0x0000000080400000,0x0000000080647768,0x0000000085980000)
 Metaspace       used 20077K, capacity 21234K, committed 21296K, reserved 1067008K
  class space    used 2901K, capacity 3144K, committed 3200K, reserved 1048576K
}
Event: 9.986 GC heap before
{Heap before GC invocations=3 (full 1):
 PSYoungGen      total 38400K, used 5100K [0x00000000d5700000, 0x00000000d8180000, 0x0000000100000000)
  eden space 33280K, 0% used [0x00000000d5700000,0x00000000d5700000,0x00000000d7780000)
  from space 5120K, 99% used [0x00000000d7c80000,0x00000000d817b2f0,0x00000000d8180000)
  to   space 5120K, 0% used [0x00000000d7780000,0x00000000d7780000,0x00000000d7c80000)
 ParOldGen       total 87552K, used 2333K [0x0000000080400000, 0x0000000085980000, 0x00000000d5700000)
  object space 87552K, 2% used [0x0000000080400000,0x0000000080647768,0x0000000085980000)
 Metaspace       used 20077K, capacity 21234K, committed 21296K, reserved 1067008K
  class space    used 2901K, capacity 3144K, committed 3200K, reserved 1048576K
Event: 10.029 GC heap after
Heap after GC invocations=3 (full 1):
 PSYoungGen      total 38400K, used 0K [0x00000000d5700000, 0x00000000d8180000, 0x0000000100000000)
  eden space 33280K, 0% used [0x00000000d5700000,0x00000000d5700000,0x00000000d7780000)
  from space 5120K, 0% used [0x00000000d7c80000,0x00000000d7c80000,0x00000000d8180000)
  to   space 5120K, 0% used [0x00000000d7780000,0x00000000d7780000,0x00000000d7c80000)
 ParOldGen       total 43520K, used 7289K [0x0000000080400000, 0x0000000082e80000, 0x00000000d5700000)
  object space 43520K, 16% used [0x0000000080400000,0x0000000080b1e678,0x0000000082e80000)
 Metaspace       used 20077K, capacity 21234K, committed 21296K, reserved 1067008K
  class space    used 2901K, capacity 3144K, committed 3200K, reserved 1048576K
}

Deoptimization events (10 events):
Event: 23.928 Thread 0x000000001a360800 Uncommon trap: reason=null_check action=make_not_entrant pc=0x0000000002f853d4 method=com.sun.javafx.css.StyleManager$CacheContainer.getCacheMap(Ljava/util/List;Ljava/lang/String;)Ljava/util/Map; @ 218
Event: 23.928 Thread 0x000000001a360800 Uncommon trap: reason=unstable_if action=reinterpret pc=0x0000000002e414bc method=javafx.scene.CssStyleHelper.canReuseStyleHelper(Ljavafx/scene/Node;Lcom/sun/javafx/css/StyleMap;)Z @ 64
Event: 23.932 Thread 0x000000001a360800 Uncommon trap: reason=null_check action=make_not_entrant pc=0x0000000003090e50 method=javafx.scene.CssStyleHelper.getCachedFont(Ljavafx/css/Styleable;)Lcom/sun/javafx/css/CalculatedValue; @ 1
Event: 23.933 Thread 0x000000001a360800 Uncommon trap: reason=null_check action=make_not_entrant pc=0x0000000003069650 method=javafx.scene.CssStyleHelper.getCachedFont(Ljavafx/css/Styleable;)Lcom/sun/javafx/css/CalculatedValue; @ 1
Event: 42.635 Thread 0x000000001a360800 Uncommon trap: reason=unstable_if action=reinterpret pc=0x0000000002cc2714 method=java.io.ByteArrayInputStream.read()I @ 8
Event: 42.785 Thread 0x000000001a360800 Uncommon trap: reason=unstable_if action=reinterpret pc=0x0000000002f09438 method=java.util.HashMap.removeNode(ILjava/lang/Object;Ljava/lang/Object;ZZ)Ljava/util/HashMap$Node; @ 46
Event: 42.786 Thread 0x000000001a360800 Uncommon trap: reason=class_check action=maybe_recompile pc=0x000000000306370c method=com.sun.javafx.collections.ObservableMapWrapper.get(Ljava/lang/Object;)Ljava/lang/Object; @ 5
Event: 42.807 Thread 0x000000001a360800 Uncommon trap: reason=class_check action=maybe_recompile pc=0x0000000002fa88d4 method=javafx.scene.Node.updateLocalToParentTransform()V @ 11
Event: 42.807 Thread 0x000000001a360800 Uncommon trap: reason=class_check action=maybe_recompile pc=0x0000000002fa88d4 method=javafx.scene.Node.updateLocalToParentTransform()V @ 11
Event: 42.807 Thread 0x000000001a360800 Uncommon trap: reason=class_check action=maybe_recompile pc=0x0000000002fa88d4 method=javafx.scene.Node.updateLocalToParentTransform()V @ 11

Internal exceptions (10 events):
Event: 0.693 Thread 0x000000001a360800 Exception <a 'java/lang/ArrayIndexOutOfBoundsException'> (0x00000000d72fec90) thrown at [D:\re\workspace\8-2-build-windows-amd64-cygwin\jdk8u92\6642\hotspot\src\share\vm\runtime\sharedRuntime.cpp, line 605]
Event: 0.766 Thread 0x000000001a360800 Implicit null exception at 0x00000000028d9ef5 to 0x00000000028da0cd
Event: 9.773 Thread 0x000000001a360800 Exception <a 'java/lang/ArrayIndexOutOfBoundsException'> (0x00000000d5f95248) thrown at [D:\re\workspace\8-2-build-windows-amd64-cygwin\jdk8u92\6642\hotspot\src\share\vm\runtime\sharedRuntime.cpp, line 605]
Event: 9.773 Thread 0x000000001a360800 Exception <a 'java/lang/ArrayIndexOutOfBoundsException'> (0x00000000d5f96430) thrown at [D:\re\workspace\8-2-build-windows-amd64-cygwin\jdk8u92\6642\hotspot\src\share\vm\runtime\sharedRuntime.cpp, line 605]
Event: 9.773 Thread 0x000000001a360800 Exception <a 'java/lang/ArrayIndexOutOfBoundsException'> (0x00000000d5f97e88) thrown at [D:\re\workspace\8-2-build-windows-amd64-cygwin\jdk8u92\6642\hotspot\src\share\vm\runtime\sharedRuntime.cpp, line 605]
Event: 23.927 Thread 0x000000001a360800 Exception <a 'java/io/FileNotFoundException'> (0x00000000d6c02ff8) thrown at [D:\re\workspace\8-2-build-windows-amd64-cygwin\jdk8u92\6642\hotspot\src\share\vm\prims\jni.cpp, line 709]
Event: 23.928 Thread 0x000000001a360800 Implicit null exception at 0x0000000002f80559 to 0x0000000002f853a5
Event: 23.932 Thread 0x000000001a360800 Implicit null exception at 0x00000000030891d4 to 0x0000000003090de1
Event: 23.933 Thread 0x000000001a360800 Implicit null exception at 0x0000000003067094 to 0x0000000003069641
Event: 64.848 Thread 0x000000001a3cc000 Exception <a 'java/lang/IllegalStateException'> (0x00000000d74be458) thrown at [D:\re\workspace\8-2-build-windows-amd64-cygwin\jdk8u92\6642\hotspot\src\share\vm\prims\jvm.cpp, line 1390]

Events (10 events):
Event: 64.846 loading class java/util/IdentityHashMap$IdentityHashMapIterator done
Event: 64.846 loading class java/util/IdentityHashMap$KeyIterator done
Event: 64.846 Thread 0x000000001a3cc000 Thread added: 0x000000001a3cc000
Event: 64.846 loading class com/sun/javafx/tk/quantum/QuantumRenderer
Event: 64.846 loading class com/sun/javafx/tk/quantum/QuantumRenderer done
Event: 64.847 loading class com/sun/javafx/tk/quantum/QuantumToolkit
Event: 64.847 loading class com/sun/javafx/tk/quantum/QuantumToolkit done
Event: 64.848 Thread 0x000000001a3cc000 Thread exited: 0x000000001a3cc000
Event: 64.848 Thread 0x00000000194f6800 Thread exited: 0x00000000194f6800
Event: 64.848 Executing VM operation: Exit


Dynamic libraries:
0x00007ff6418c0000 - 0x00007ff6418f7000 	C:\Program Files\Java\jdk1.8.0_92\jre\bin\java.exe
0x00007ffdb21a0000 - 0x00007ffdb2371000 	C:\WINDOWS\SYSTEM32\ntdll.dll
0x00007ffdb0690000 - 0x00007ffdb073b000 	C:\WINDOWS\System32\KERNEL32.DLL
0x00007ffdaee30000 - 0x00007ffdaf04d000 	C:\WINDOWS\System32\KERNELBASE.dll
0x00007ffdb05a0000 - 0x00007ffdb0642000 	C:\WINDOWS\System32\ADVAPI32.dll
0x00007ffdafc90000 - 0x00007ffdafd2e000 	C:\WINDOWS\System32\msvcrt.dll
0x00007ffdb0260000 - 0x00007ffdb02b9000 	C:\WINDOWS\System32\sechost.dll
0x00007ffdaf730000 - 0x00007ffdaf851000 	C:\WINDOWS\System32\RPCRT4.dll
0x00007ffdb00d0000 - 0x00007ffdb0235000 	C:\WINDOWS\System32\USER32.dll
0x00007ffdae730000 - 0x00007ffdae74e000 	C:\WINDOWS\System32\win32u.dll
0x00007ffdb0650000 - 0x00007ffdb0684000 	C:\WINDOWS\System32\GDI32.dll
0x00007ffdaeb80000 - 0x00007ffdaed02000 	C:\WINDOWS\System32\gdi32full.dll
0x00007ffda8f60000 - 0x00007ffda91d9000 	C:\WINDOWS\WinSxS\amd64_microsoft.windows.common-controls_6595b64144ccf1df_6.0.14393.0_none_2d0f50fcbdb171b8\COMCTL32.dll
0x00007ffdafd30000 - 0x00007ffdafff7000 	C:\WINDOWS\System32\combase.dll
0x00007ffdae980000 - 0x00007ffdaea75000 	C:\WINDOWS\System32\ucrtbase.dll
0x00007ffdaedc0000 - 0x00007ffdaee2a000 	C:\WINDOWS\System32\bcryptPrimitives.dll
0x00007ffdb03c0000 - 0x00007ffdb03ee000 	C:\WINDOWS\System32\IMM32.DLL
0x000000006e1e0000 - 0x000000006e2b2000 	C:\Program Files\Java\jdk1.8.0_92\jre\bin\msvcr100.dll
0x000000006e2c0000 - 0x000000006eb56000 	C:\Program Files\Java\jdk1.8.0_92\jre\bin\server\jvm.dll
0x00007ffdb03f0000 - 0x00007ffdb03f8000 	C:\WINDOWS\System32\PSAPI.DLL
0x00007ffda8020000 - 0x00007ffda8029000 	C:\WINDOWS\SYSTEM32\WSOCK32.dll
0x00007ffdacb30000 - 0x00007ffdacb53000 	C:\WINDOWS\SYSTEM32\WINMM.dll
0x00007ffdab820000 - 0x00007ffdab82a000 	C:\WINDOWS\SYSTEM32\VERSION.dll
0x00007ffdb0ae0000 - 0x00007ffdb0b4a000 	C:\WINDOWS\System32\WS2_32.dll
0x0000000002310000 - 0x000000000233b000 	C:\WINDOWS\SYSTEM32\WINMMBASE.dll
0x00007ffdaea80000 - 0x00007ffdaeac2000 	C:\WINDOWS\System32\cfgmgr32.dll
0x000000006f120000 - 0x000000006f12f000 	C:\Program Files\Java\jdk1.8.0_92\jre\bin\verify.dll
0x000000006e170000 - 0x000000006e199000 	C:\Program Files\Java\jdk1.8.0_92\jre\bin\java.dll
0x000000006f100000 - 0x000000006f116000 	C:\Program Files\Java\jdk1.8.0_92\jre\bin\zip.dll
0x00007ffdb0c90000 - 0x00007ffdb2198000 	C:\WINDOWS\System32\SHELL32.dll
0x00007ffdaf050000 - 0x00007ffdaf72a000 	C:\WINDOWS\System32\windows.storage.dll
0x00007ffdae6c0000 - 0x00007ffdae70c000 	C:\WINDOWS\System32\powrprof.dll
0x00007ffdb0000000 - 0x00007ffdb0052000 	C:\WINDOWS\System32\shlwapi.dll
0x00007ffdae6b0000 - 0x00007ffdae6bf000 	C:\WINDOWS\System32\kernel.appcore.dll
0x00007ffdaed10000 - 0x00007ffdaedb9000 	C:\WINDOWS\System32\shcore.dll
0x00007ffdae710000 - 0x00007ffdae724000 	C:\WINDOWS\System32\profapi.dll
0x00007ffd992e0000 - 0x00007ffd993cf000 	C:\Program Files\Java\jdk1.8.0_92\jre\bin\msvcr120.dll
0x00007ffd98040000 - 0x00007ffd980e6000 	C:\Program Files\Java\jdk1.8.0_92\jre\bin\msvcp120.dll
0x000000006c000000 - 0x000000006c022000 	C:\Program Files\Java\jdk1.8.0_92\jre\bin\prism_d3d.dll
0x00007ffda2060000 - 0x00007ffda21ed000 	C:\WINDOWS\system32\d3d9.dll
0x00007ffdac4d0000 - 0x00007ffdac4f6000 	C:\WINDOWS\SYSTEM32\dwmapi.dll
0x00007ffdaceb0000 - 0x00007ffdacf45000 	C:\WINDOWS\system32\uxtheme.dll
0x000000006bfb0000 - 0x000000006bff3000 	C:\Program Files\Java\jdk1.8.0_92\jre\bin\glass.dll
0x00007ffdb02c0000 - 0x00007ffdb03ba000 	C:\WINDOWS\System32\COMDLG32.dll
0x00007ffdb09a0000 - 0x00007ffdb0ad7000 	C:\WINDOWS\System32\ole32.dll
0x00007ffdb0b50000 - 0x00007ffdb0c0c000 	C:\WINDOWS\System32\OLEAUT32.dll
0x00007ffdb07a0000 - 0x00007ffdb08fb000 	C:\WINDOWS\System32\MSCTF.dll
0x00007ffdaa9f0000 - 0x00007ffdaab5c000 	C:\Program Files (x86)\NVIDIA Corporation\3D Vision\nvSCPAPI64.dll
0x00007ffdaf860000 - 0x00007ffdafc89000 	C:\WINDOWS\System32\SETUPAPI.dll
0x000000006e150000 - 0x000000006e16a000 	C:\Program Files\Java\jdk1.8.0_92\jre\bin\net.dll
0x00007ffdadf70000 - 0x00007ffdadfcc000 	C:\WINDOWS\system32\mswsock.dll
0x00007ffdadd50000 - 0x00007ffdaddf0000 	C:\WINDOWS\SYSTEM32\DNSAPI.dll
0x00007ffdb0c80000 - 0x00007ffdb0c88000 	C:\WINDOWS\System32\NSI.dll
0x00007ffdadd00000 - 0x00007ffdadd38000 	C:\WINDOWS\SYSTEM32\IPHLPAPI.DLL
0x00007ffda82b0000 - 0x00007ffda82ba000 	C:\Windows\System32\rasadhlp.dll
0x00007ffdaab80000 - 0x00007ffdaabea000 	C:\WINDOWS\System32\fwpuclnt.dll
0x00007ffdae5e0000 - 0x00007ffdae60b000 	C:\WINDOWS\SYSTEM32\bcrypt.dll
0x000000006dee0000 - 0x000000006deed000 	C:\Program Files\Java\jdk1.8.0_92\jre\bin\management.dll
0x00007ffd9f4c0000 - 0x00007ffd9f4d6000 	C:\WINDOWS\system32\napinsp.dll
0x00007ffd9f4a0000 - 0x00007ffd9f4ba000 	C:\WINDOWS\system32\pnrpnsp.dll
0x00007ffdaa770000 - 0x00007ffdaa788000 	C:\WINDOWS\system32\NLAapi.dll
0x00007ffd9fe20000 - 0x00007ffd9fe2e000 	C:\WINDOWS\System32\winrnr.dll
0x000000006bf90000 - 0x000000006bfa4000 	C:\Program Files\Java\jdk1.8.0_92\jre\bin\javafx_font.dll
0x00007ffd9a9c0000 - 0x00007ffd9ac29000 	C:\WINDOWS\SYSTEM32\dwrite.dll
0x00007ffdb0900000 - 0x00007ffdb099f000 	C:\WINDOWS\System32\clbcatq.dll
0x00007ffdac270000 - 0x00007ffdac418000 	C:\WINDOWS\SYSTEM32\WindowsCodecs.dll
0x00007ffd9eeb0000 - 0x00007ffd9eef9000 	C:\WINDOWS\system32\dataexchange.dll
0x00007ffdabf70000 - 0x00007ffdac226000 	C:\WINDOWS\system32\d3d11.dll
0x00007ffdac620000 - 0x00007ffdac771000 	C:\WINDOWS\system32\dcomp.dll
0x00007ffdad630000 - 0x00007ffdad6cf000 	C:\WINDOWS\system32\dxgi.dll
0x00007ffdad0d0000 - 0x00007ffdad1ec000 	C:\WINDOWS\system32\twinapi.appcore.dll
0x00007ffda7820000 - 0x00007ffda7852000 	C:\Program Files\Common Files\Microsoft Shared\Ink\rtscom.dll
0x000000006bf70000 - 0x000000006bf81000 	C:\Program Files\Java\jdk1.8.0_92\jre\bin\prism_common.dll
0x00007ffda8940000 - 0x00007ffda8ad2000 	C:\WINDOWS\SYSTEM32\dbghelp.dll

VM Arguments:
jvm_args: -Dfile.encoding=UTF-8 
java_command: kaixo.Main
java_class_path (initial): C:\Users\INTEL\Documents\NetBeansProjects\proyectosGit\Kaixo\dist\Kaixo.jar;C:\Program Files\Java\jdk1.8.0_92\jre\lib\javaws.jar;C:\Program Files\Java\jdk1.8.0_92\jre\lib\deploy.jar;C:\Program Files\Java\jdk1.8.0_92\jre\lib\plugin.jar;C:\Users\INTEL\Documents\NetBeansProjects\Jar\java-mail-1.4.4.jar;C:\Users\INTEL\Documents\NetBeansProjects\Jar\mariadb-java-client-1.4.6.jar;C:\Users\INTEL\Documents\NetBeansProjects\Jar\controlsfx-8.40.11\controlsfx-8.40.11.jar;C:\Users\INTEL\Documents\NetBeansProjects\proyectosGit\Kaixo\build\classes
Launcher Type: SUN_STANDARD

Environment Variables:
JAVA_HOME=C:\Program Files\Java\jdk1.8.0_92
PATH=C:\Program Files\Python35\Scripts\;C:\Program Files\Python35\;C:\ProgramData\Oracle\Java\javapath;C:\Program Files (x86)\NVIDIA Corporation\PhysX\Common;C:\WINDOWS\system32;C:\WINDOWS;C:\WINDOWS\System32\Wbem;C:\WINDOWS\System32\WindowsPowerShell\v1.0\;C:\Program Files\MATLAB\R2016a\runtime\win64;C:\Program Files\MATLAB\R2016a\bin;C:\Program Files\MATLAB\R2016a\polyspace\bin;C:\Program Files\MATLAB\MATLAB Runtime\v901\runtime\win64;C:\Program Files (x86)\Skype\Phone\;C:\Program Files\Java\jdk1.8.0_92\bin;C:\Program Files\Git\cmd;C:\Users\INTEL\AppData\Local\Microsoft\WindowsApps;
USERNAME=INTEL
OS=Windows_NT
PROCESSOR_IDENTIFIER=Intel64 Family 6 Model 42 Stepping 7, GenuineIntel



---------------  S Y S T E M  ---------------

OS: Windows 10.0 , 64 bit Build 14393 (10.0.14393.0)

CPU:total 8 (4 cores per cpu, 2 threads per core) family 6 model 42 stepping 7, cmov, cx8, fxsr, mmx, sse, sse2, sse3, ssse3, sse4.1, sse4.2, popcnt, avx, aes, clmul, ht, tsc, tscinvbit

Memory: 4k page, physical 8366536k(2089676k free), swap 16644068k(5167796k free)

vm_info: Java HotSpot(TM) 64-Bit Server VM (25.92-b14) for windows-amd64 JRE (1.8.0_92-b14), built on Mar 31 2016 21:03:04 by "java_re" with MS VC++ 10.0 (VS2010)

time: Mon Sep 05 05:50:35 2016
elapsed time: 65 seconds (0d 0h 1m 5s)

